{"httpver":"HTTP/1.1","level":"debug","method":"GET","msg":"Received request from User Agent","peer":"ua","pkg":"main","reqid":1517717057,"scheme":"https","time":"2018-02-04T09:34:17+05:30","url":"https://www.youtube.com/"}
{"httpver":"HTTP/1.1","level":"debug","method":"GET","msg":"Sending request to Origin Server","peer":"origin","pkg":"main","reqid":1517717057,"scheme":"https","time":"2018-02-04T09:34:17+05:30","url":"https://www.youtube.com/"}
{"httpver":"HTTP/2.0","level":"debug","msg":"Received response from Origin Server","peer":"origin","pkg":"main","reqid":1517717057,"scheme":"https","statuscode":200,"time":"2018-02-04T09:34:19+05:30","url":"https://www.youtube.com/"}
{"httpver":"HTTP/1.1","level":"debug","method":"GET","msg":"Received request from User Agent","peer":"ua","pkg":"main","reqid":1517717061,"scheme":"https","time":"2018-02-04T09:34:21+05:30","url":"https://www.google.co.in/"}
{"httpver":"HTTP/1.1","level":"debug","method":"GET","msg":"Sending request to Origin Server","peer":"origin","pkg":"main","reqid":1517717061,"scheme":"https","time":"2018-02-04T09:34:21+05:30","url":"https://www.google.co.in/"}
{"httpver":"HTTP/2.0","level":"debug","msg":"Received response from Origin Server","peer":"origin","pkg":"main","reqid":1517717061,"scheme":"https","statuscode":200,"time":"2018-02-04T09:34:22+05:30","url":"https://www.google.co.in/"}
{"httpver":"HTTP/1.1","level":"debug","method":"GET","msg":"Received request from User Agent","peer":"ua","pkg":"main","reqid":1517717062,"scheme":"https","time":"2018-02-04T09:34:22+05:30","url":"https://inside.pubmatic.com:9443/jira/browse/DCSUP-80510"}
{"httpver":"HTTP/1.1","level":"debug","method":"GET","msg":"Sending request to Origin Server","peer":"origin","pkg":"main","reqid":1517717062,"scheme":"https","time":"2018-02-04T09:34:22+05:30","url":"https://inside.pubmatic.com:9443/jira/browse/DCSUP-80510"}
{"httpver":"HTTP/1.1","level":"debug","msg":"Received response from Origin Server","peer":"origin","pkg":"main","reqid":1517717062,"scheme":"https","statuscode":200,"time":"2018-02-04T09:34:26+05:30","url":"https://pubmatic.okta.com/login/login.htm?fromURI=%2Fapp%2Fjira_onprem%2Fkvw2ohtkBZXITLQLHIAV%2Fsso%2Fsaml%3FRelayState%3Dhttps%253A%252F%252Finside.pubmatic.com%253A9443%252Fjira%252Fbrowse%252FDCSUP-80510%26page_caps%3D%26user_role%3D"}
{"httpver":"HTTP/1.1","level":"debug","method":"GET","msg":"Received request from User Agent","peer":"ua","pkg":"main","reqid":1517717066,"scheme":"https","time":"2018-02-04T09:34:26+05:30","url":"https://inside.pubmatic.com:9443/jira/browse/DCSUP-80370"}
{"httpver":"HTTP/1.1","level":"debug","method":"GET","msg":"Sending request to Origin Server","peer":"origin","pkg":"main","reqid":1517717066,"scheme":"https","time":"2018-02-04T09:34:26+05:30","url":"https://inside.pubmatic.com:9443/jira/browse/DCSUP-80370"}
{"httpver":"HTTP/1.1","level":"debug","msg":"Received response from Origin Server","peer":"origin","pkg":"main","reqid":1517717066,"scheme":"https","statuscode":200,"time":"2018-02-04T09:34:27+05:30","url":"https://pubmatic.okta.com/login/login.htm?fromURI=%2Fapp%2Fjira_onprem%2Fkvw2ohtkBZXITLQLHIAV%2Fsso%2Fsaml%3FRelayState%3Dhttps%253A%252F%252Finside.pubmatic.com%253A9443%252Fjira%252Fbrowse%252FDCSUP-80370%26page_caps%3D%26user_role%3D"}
{"httpver":"HTTP/1.1","level":"debug","method":"GET","msg":"Received request from User Agent","peer":"ua","pkg":"main","reqid":1517717067,"scheme":"http","time":"2018-02-04T09:34:27+05:30","url":"http://localhost/proj/"}
{"httpver":"HTTP/1.1","level":"debug","method":"GET","msg":"Sending request to Origin Server","peer":"origin","pkg":"main","reqid":1517717067,"scheme":"http","time":"2018-02-04T09:34:27+05:30","url":"http://localhost/proj/"}
{"httpver":"HTTP/1.1","level":"debug","msg":"Received response from Origin Server","peer":"origin","pkg":"main","reqid":1517717067,"scheme":"http","statuscode":200,"time":"2018-02-04T09:34:27+05:30","url":"http://localhost/proj/"}
{"httpver":"HTTP/1.1","level":"debug","method":"GET","msg":"Received request from User Agent","peer":"ua","pkg":"main","reqid":1517717067,"scheme":"https","time":"2018-02-04T09:34:27+05:30","url":"https://inside.pubmatic.com:9443/jira/browse/ASD-4535"}
{"httpver":"HTTP/1.1","level":"debug","method":"GET","msg":"Sending request to Origin Server","peer":"origin","pkg":"main","reqid":1517717067,"scheme":"https","time":"2018-02-04T09:34:27+05:30","url":"https://inside.pubmatic.com:9443/jira/browse/ASD-4535"}
{"httpver":"HTTP/1.1","level":"debug","msg":"Received response from Origin Server","peer":"origin","pkg":"main","reqid":1517717067,"scheme":"https","statuscode":200,"time":"2018-02-04T09:34:29+05:30","url":"https://pubmatic.okta.com/login/login.htm?fromURI=%2Fapp%2Fjira_onprem%2Fkvw2ohtkBZXITLQLHIAV%2Fsso%2Fsaml%3FRelayState%3Dhttps%253A%252F%252Finside.pubmatic.com%253A9443%252Fjira%252Fbrowse%252FASD-4535%26page_caps%3D%26user_role%3D"}
{"httpver":"HTTP/1.1","level":"debug","method":"GET","msg":"Received request from User Agent","peer":"ua","pkg":"main","reqid":1517717069,"scheme":"https","time":"2018-02-04T09:34:29+05:30","url":"https://pubmatic.okta.com/app/UserHome"}
{"httpver":"HTTP/1.1","level":"debug","method":"GET","msg":"Sending request to Origin Server","peer":"origin","pkg":"main","reqid":1517717069,"scheme":"https","time":"2018-02-04T09:34:29+05:30","url":"https://pubmatic.okta.com/app/UserHome"}
{"httpver":"HTTP/1.1","level":"debug","msg":"Received response from Origin Server","peer":"origin","pkg":"main","reqid":1517717069,"scheme":"https","statuscode":200,"time":"2018-02-04T09:34:30+05:30","url":"https://pubmatic.okta.com/login/login.htm?fromURI=%2Fapp%2FUserHome"}
{"httpver":"HTTP/1.1","level":"debug","method":"GET","msg":"Received request from User Agent","peer":"ua","pkg":"main","reqid":1517717070,"scheme":"https","time":"2018-02-04T09:34:30+05:30","url":"https://inside.pubmatic.com:9443/jira/secure/Dashboard.jspa"}
{"httpver":"HTTP/1.1","level":"debug","method":"GET","msg":"Sending request to Origin Server","peer":"origin","pkg":"main","reqid":1517717070,"scheme":"https","time":"2018-02-04T09:34:30+05:30","url":"https://inside.pubmatic.com:9443/jira/secure/Dashboard.jspa"}
{"httpver":"HTTP/1.1","level":"debug","msg":"Received response from Origin Server","peer":"origin","pkg":"main","reqid":1517717070,"scheme":"https","statuscode":200,"time":"2018-02-04T09:34:30+05:30","url":"https://inside.pubmatic.com:9443/jira/secure/Dashboard.jspa"}
{"httpver":"HTTP/1.1","level":"debug","method":"GET","msg":"Received request from User Agent","peer":"ua","pkg":"main","reqid":1517717071,"scheme":"https","time":"2018-02-04T09:34:31+05:30","url":"https://git.pubmatic.com/PubMatic/adserver/commits/FIX-ASD-4535"}
{"httpver":"HTTP/1.1","level":"debug","method":"GET","msg":"Sending request to Origin Server","peer":"origin","pkg":"main","reqid":1517717071,"scheme":"https","time":"2018-02-04T09:34:31+05:30","url":"https://git.pubmatic.com/PubMatic/adserver/commits/FIX-ASD-4535"}
{"httpver":"HTTP/1.1","level":"debug","msg":"Received response from Origin Server","peer":"origin","pkg":"main","reqid":1517717071,"scheme":"https","statuscode":200,"time":"2018-02-04T09:34:35+05:30","url":"https://pubmatic.okta.com/login/login.htm?fromURI=%2Fapp%2Fgithub_enterprise%2Fexk14llqlrfjtejzj0h8%2Fsso%2Fsaml%3FRelayState%3D6pEkYOZNSyGVlc26yLZgMRyPa9zSe9SldCArKie4FXr_g5gIhgBjh1kYWKQXfZLG_7NHfqxRVKy3neR6pUfC3stv2IMY4n5DhWKBMBFc54s%26SAMLRequest%3DfZJNb9swDIbv%252FRWG7rH8mbhCkiJtMCxA1wRNtsMuhSxTjVJbckU56%252FbrJ7vp%250AVqBIAZ%252Fol8TzkJpevTR1cASLyugZicOIXM0vpsibumWLzu31PTx3gC7wOY1s%250A%252BDEjndXMcFTING8AmRNsu%252Fh2y5IwYq01zghTk3ctn3dwRLDOA5BgtZyRh3GW%250A5ZLnvKikTKUsUnmZyrwaJ5mI87RM4mpc5UVRxkJUeQSlnJRFlGeTcZpMQMrY%250Aj0HsYKXRce1mJIniYhQloyjbRRnzX5r%252BJMGPN2mPQIKld1Sau6Gyd65FRmnb%250AlY0vidA8OR4K01DetvRRuX1XPoB2YFurECi8PMVZXT%252FXVh4cHP4con1BEQ3t%250A3XuajVdUR5gRyWsEEmxOO7pWulL68fP1lK8hZF93u81os97uSLB4W9mN0dg1%250AYLdgj0rA9%252Fvb%252F%252FgeNPyn0NP3OFS8dpD5cGU2rMrOz%252FVM6fvU6WHcecbVcmNq%250AJX4Hi7o2v24scOf9nO283hdj%252FYDzVnEYDxVVjeQQZZ3GFoSSCipCT2RerVK9%250AIwZ3xl2Dj8K5Y%252FrAWq%252FtQvqbfMhcDhk%252Fln581%252FOLvw%253D%253D%250A%26SigAlg%3Dhttp%253A%252F%252Fwww.w3.org%252F2001%252F04%252Fxmldsig-more%2523rsa-sha256%26Signature%3DLzrvrEfYPD52kuD%252Fi2ah1Ibf3ID%252BYHRYDPQE%252Bj5pTYu3DFG5tjyEHN1Gd650%250AdXkr8mKHMNxDybyqwvIfSuLW2tLbsBicaHd6JSa8uz1bGil0cpsUOk7qH%252B85%250A16QtA%252B1IEfsnTRKImxURHs9YZSCyY3T2wl4LEObWFY3x6jnDjUi8qfdSdOsf%250An1GxDIdAOu3J3pEDDA8vXPv9im%252BiuahDJMyxV1W%252B6Xp88BOUBzXa%252Bm%252FlGWAK%250A6iJRNteo%252F1plDBgypyt9i5zm1LFNuDUX1c06mQySSWBDDpMk9u142hQewE%252Bu%250Auej3L8h2GjDUUrt3rO9OzedSP8fDGIbMe%252B4k9OJb6mISMUDB5QX1DqF2Gp4%252B%250AMySSfmvIXexWbJe2sG%252FVdDQyDIwzFIPsSXwI0mfejEbkCoTPYHv%252FPv0Hklhd%250AztoyJ15igbH%252F3TNdszcms4gf6BQOeTQ%252BZr%252FkjPob%252BJqUhFDLK9V9pcAvNCuq%250ArZWxAofUUJtz3f4zs%252BAFzsUstIQ2joJPyzOHkwhaHgFDLA2%252Fs12g1kfo0cAX%250A9Udqo%252B6JVReJLJbPRb9v8OFAUkfBx%252FcGPtIFVczjzbiws28kgTqJdcfeUW2H%250AIdY4aA7QHllM2hca00EfqgmMHHBr2%252FyrjbSP7XRI4PDtziCKwNOqCaj27MqS%250AbnBN%252BNKcx2jUpZcoMS3xo0c%253D%250A"}
{"httpver":"HTTP/1.1","level":"debug","method":"GET","msg":"Received request from User Agent","peer":"ua","pkg":"main","reqid":1517717075,"scheme":"https","time":"2018-02-04T09:34:35+05:30","url":"https://git.pubmatic.com/PubMatic/adserver"}
{"httpver":"HTTP/1.1","level":"debug","method":"GET","msg":"Sending request to Origin Server","peer":"origin","pkg":"main","reqid":1517717075,"scheme":"https","time":"2018-02-04T09:34:35+05:30","url":"https://git.pubmatic.com/PubMatic/adserver"}
{"httpver":"HTTP/1.1","level":"debug","msg":"Received response from Origin Server","peer":"origin","pkg":"main","reqid":1517717075,"scheme":"https","statuscode":200,"time":"2018-02-04T09:34:37+05:30","url":"https://pubmatic.okta.com/login/login.htm?fromURI=%2Fapp%2Fgithub_enterprise%2Fexk14llqlrfjtejzj0h8%2Fsso%2Fsaml%3FRelayState%3DOltJsz6nFjZq0BJrXP32frjb19_f3yYk1W29ch0eEQEtbvstI9Uv72xisQFhYUrV4HaX-sGPtiMehT6Pakbo1sdVkxmMB-Hsn-UEuHd9Gbc%26SAMLRequest%3DfZJNT%252BMwEIbv%252FIrI98b57IfVFgWq1VZiaUS7HLggx5lQl8QOHqfL7q9fJ5Rd%250AJFSknCbvjJ5nxvPL16b2jmBQarUgoR%252BQy%252BXFHHlTtyzr7F7dwUsHaD2XU8iG%250AHwvSGcU0R4lM8QaQWcG22Y8bFvkBa422WuiafGj5uoMjgrEOgHjr1YI8pkEo%250AyrDg1ZhPCl5OiqBIohTSacRDiMJ4Np5UcVVNExGHaRylaTkLikKkEZ%252BNk6Iq%250A3RjEDtYKLVd2QaIgnI6CaBQkuyBh7ovTB%252BLdv0s7BOKtnKNU3A6VvbUtMkrb%250ArmhcSfj62XJf6IbytqVP0u674hGUBdMaiUDh9TlM6vqlNtXBwuHPIdhPKaKm%250AvXtPkztFeYQFqXiNQLz8tKMrqUqpnr5eT%252FEWQvZ9t8tH%252BWa7I172vrJrrbBr%250AwGzBHKWAn3c3%252F%252FEdqP9Poafvcah46yDL4cpsWJVZnuuZ04%252Bp08O4dYzrVa5r%250AKX57WV3rX9cGuHV%252B1nRO75s2bsB5q9APh4osR9UQZZ3CFoSsJJSEnsicWil7%250AR%252FRutb0CF4Vzx3SBjdqYrHI3%252BZSZDRk3ln5%252B18uLvw%253D%253D%250A%26SigAlg%3Dhttp%253A%252F%252Fwww.w3.org%252F2001%252F04%252Fxmldsig-more%2523rsa-sha256%26Signature%3DvvJEpIbiS0%252Fp5mFxljOEOo4oD3Oniw8s1T2x3C4ZE2jmdsBIyubvVnXHq5h4%250AsRwWenxzojaxOLN5ymicSrX5MjCbXtPg2LUsckIdfWUYMAY0jYF4gA6CrzSO%250AYkP3PhSsURWAwg0zCGYNZ0UyvIegGvmE9g2rm0wmk%252BeCbx8CgByR31QfvMZN%250AXlFKvhFN0tPoy82Zu3Bt4l7YitLMf%252BsWErw%252FND5pZnF%252B%252BFLHvxiEWx2AYxG8%250AaMdDQTlvoA7kUrbGNrBvNifspyditrMCEFF9CfN6ny7pvcMfnfAi57L%252FshDd%250Aa5GZOKIHnBvAlsQLonJt5nmczhCikXGD4qGEFME7vFJtKNwgdGGRMsMON%252F01%250A4gtOQaeguPWQoGfP7I4CO1qjh%252BOII3bH8HUvzfd8rWSid8jKgXNmewUFHUPU%250Atn9foOiof%252Bm0gPGX3NpmeBkW2DCJhxzOEYYy0cBPvySYcFIetT%252F2haskFfIb%250A5pQeHJX4d9GCLubk593uvN3dGlg057noeTxEDEnjK1vP626H1ztna3EI6e%252FI%250A9yof%252BE0FDxHrOl2VBaseBQsmHrEGJL0stZSyvQfG2SMA0CBm%252B3GzKsHxGUq%252B%250AmS1lSFyb65umIXYQji4cm0oUtPqBQd3rpxlTeFWnympYgdiufFpL4GAWJwZY%250AnGlP5%252B9gCz4DyP%252Fhk4FuQ4s%253D%250A"}
{"httpver":"HTTP/1.1","level":"debug","method":"GET","msg":"Received request from User Agent","peer":"ua","pkg":"main","reqid":1517717077,"scheme":"https","time":"2018-02-04T09:34:37+05:30","url":"https://inside.pubmatic.com:9443/jira/browse/DCSUP-80056"}
{"httpver":"HTTP/1.1","level":"debug","method":"GET","msg":"Sending request to Origin Server","peer":"origin","pkg":"main","reqid":1517717077,"scheme":"https","time":"2018-02-04T09:34:37+05:30","url":"https://inside.pubmatic.com:9443/jira/browse/DCSUP-80056"}
{"httpver":"HTTP/1.1","level":"debug","msg":"Received response from Origin Server","peer":"origin","pkg":"main","reqid":1517717077,"scheme":"https","statuscode":200,"time":"2018-02-04T09:34:38+05:30","url":"https://pubmatic.okta.com/login/login.htm?fromURI=%2Fapp%2Fjira_onprem%2Fkvw2ohtkBZXITLQLHIAV%2Fsso%2Fsaml%3FRelayState%3Dhttps%253A%252F%252Finside.pubmatic.com%253A9443%252Fjira%252Fbrowse%252FDCSUP-80056%26page_caps%3D%26user_role%3D"}
{"httpver":"HTTP/1.1","level":"debug","method":"GET","msg":"Received request from User Agent","peer":"ua","pkg":"main","reqid":1517717078,"scheme":"https","time":"2018-02-04T09:34:38+05:30","url":"https://inside.pubmatic.com:9443/jira/"}
{"httpver":"HTTP/1.1","level":"debug","method":"GET","msg":"Sending request to Origin Server","peer":"origin","pkg":"main","reqid":1517717078,"scheme":"https","time":"2018-02-04T09:34:38+05:30","url":"https://inside.pubmatic.com:9443/jira/"}
{"httpver":"HTTP/1.1","level":"debug","msg":"Received response from Origin Server","peer":"origin","pkg":"main","reqid":1517717078,"scheme":"https","statuscode":200,"time":"2018-02-04T09:34:38+05:30","url":"https://inside.pubmatic.com:9443/jira/"}
{"httpver":"HTTP/1.1","level":"debug","method":"GET","msg":"Received request from User Agent","peer":"ua","pkg":"main","reqid":1517717079,"scheme":"https","time":"2018-02-04T09:34:39+05:30","url":"https://golang.org/pkg/net/http/#Request"}
{"httpver":"HTTP/1.1","level":"debug","method":"GET","msg":"Sending request to Origin Server","peer":"origin","pkg":"main","reqid":1517717079,"scheme":"https","time":"2018-02-04T09:34:39+05:30","url":"https://golang.org/pkg/net/http/#Request"}
{"httpver":"HTTP/2.0","level":"debug","msg":"Received response from Origin Server","peer":"origin","pkg":"main","reqid":1517717079,"scheme":"https","statuscode":200,"time":"2018-02-04T09:34:41+05:30","url":"https://golang.org/pkg/net/http/#Request"}
{"httpver":"HTTP/1.1","level":"debug","method":"GET","msg":"Received request from User Agent","peer":"ua","pkg":"main","reqid":1517717084,"scheme":"https","time":"2018-02-04T09:34:44+05:30","url":"https://golang.org/pkg/net/http/#Response"}
{"httpver":"HTTP/1.1","level":"debug","method":"GET","msg":"Sending request to Origin Server","peer":"origin","pkg":"main","reqid":1517717084,"scheme":"https","time":"2018-02-04T09:34:44+05:30","url":"https://golang.org/pkg/net/http/#Response"}
{"httpver":"HTTP/2.0","level":"debug","msg":"Received response from Origin Server","peer":"origin","pkg":"main","reqid":1517717084,"scheme":"https","statuscode":200,"time":"2018-02-04T09:34:45+05:30","url":"https://golang.org/pkg/net/http/#Response"}
{"httpver":"HTTP/1.1","level":"debug","method":"GET","msg":"Received request from User Agent","peer":"ua","pkg":"main","reqid":1517717088,"scheme":"https","time":"2018-02-04T09:34:48+05:30","url":"https://golang.org/pkg/net/http/#Header"}
{"httpver":"HTTP/1.1","level":"debug","method":"GET","msg":"Sending request to Origin Server","peer":"origin","pkg":"main","reqid":1517717088,"scheme":"https","time":"2018-02-04T09:34:48+05:30","url":"https://golang.org/pkg/net/http/#Header"}
{"httpver":"HTTP/2.0","level":"debug","msg":"Received response from Origin Server","peer":"origin","pkg":"main","reqid":1517717088,"scheme":"https","statuscode":200,"time":"2018-02-04T09:34:49+05:30","url":"https://golang.org/pkg/net/http/#Header"}
{"httpver":"HTTP/1.1","level":"debug","method":"GET","msg":"Received request from User Agent","peer":"ua","pkg":"main","reqid":1517717093,"scheme":"https","time":"2018-02-04T09:34:53+05:30","url":"https://golang.org/pkg/net/http/#Client.Do"}
{"httpver":"HTTP/1.1","level":"debug","method":"GET","msg":"Sending request to Origin Server","peer":"origin","pkg":"main","reqid":1517717093,"scheme":"https","time":"2018-02-04T09:34:53+05:30","url":"https://golang.org/pkg/net/http/#Client.Do"}
{"httpver":"HTTP/2.0","level":"debug","msg":"Received response from Origin Server","peer":"origin","pkg":"main","reqid":1517717093,"scheme":"https","statuscode":200,"time":"2018-02-04T09:34:55+05:30","url":"https://golang.org/pkg/net/http/#Client.Do"}
{"httpver":"HTTP/1.1","level":"debug","method":"GET","msg":"Received request from User Agent","peer":"ua","pkg":"main","reqid":1517717099,"scheme":"https","time":"2018-02-04T09:34:59+05:30","url":"https://golang.org/pkg/net/http/#Client"}
{"httpver":"HTTP/1.1","level":"debug","method":"GET","msg":"Sending request to Origin Server","peer":"origin","pkg":"main","reqid":1517717099,"scheme":"https","time":"2018-02-04T09:34:59+05:30","url":"https://golang.org/pkg/net/http/#Client"}
{"httpver":"HTTP/2.0","level":"debug","msg":"Received response from Origin Server","peer":"origin","pkg":"main","reqid":1517717099,"scheme":"https","statuscode":200,"time":"2018-02-04T09:35:00+05:30","url":"https://golang.org/pkg/net/http/#Client"}
{"httpver":"HTTP/1.1","level":"debug","method":"GET","msg":"Received request from User Agent","peer":"ua","pkg":"main","reqid":1517717105,"scheme":"https","time":"2018-02-04T09:35:05+05:30","url":"https://golang.org/pkg/net/url/#URL"}
{"httpver":"HTTP/1.1","level":"debug","method":"GET","msg":"Sending request to Origin Server","peer":"origin","pkg":"main","reqid":1517717105,"scheme":"https","time":"2018-02-04T09:35:05+05:30","url":"https://golang.org/pkg/net/url/#URL"}
{"httpver":"HTTP/2.0","level":"debug","msg":"Received response from Origin Server","peer":"origin","pkg":"main","reqid":1517717105,"scheme":"https","statuscode":200,"time":"2018-02-04T09:35:06+05:30","url":"https://golang.org/pkg/net/url/#URL"}
{"httpver":"HTTP/1.1","level":"debug","method":"GET","msg":"Received request from User Agent","peer":"ua","pkg":"main","reqid":1517717107,"scheme":"https","time":"2018-02-04T09:35:07+05:30","url":"https://golang.org/pkg/net/http/#Transport"}
{"httpver":"HTTP/1.1","level":"debug","method":"GET","msg":"Sending request to Origin Server","peer":"origin","pkg":"main","reqid":1517717107,"scheme":"https","time":"2018-02-04T09:35:07+05:30","url":"https://golang.org/pkg/net/http/#Transport"}
{"httpver":"HTTP/2.0","level":"debug","msg":"Received response from Origin Server","peer":"origin","pkg":"main","reqid":1517717107,"scheme":"https","statuscode":200,"time":"2018-02-04T09:35:08+05:30","url":"https://golang.org/pkg/net/http/#Transport"}
{"httpver":"HTTP/1.1","level":"debug","method":"GET","msg":"Received request from User Agent","peer":"ua","pkg":"main","reqid":1517717112,"scheme":"https","time":"2018-02-04T09:35:12+05:30","url":"https://golang.org/pkg/net/http/"}
{"httpver":"HTTP/1.1","level":"debug","method":"GET","msg":"Sending request to Origin Server","peer":"origin","pkg":"main","reqid":1517717112,"scheme":"https","time":"2018-02-04T09:35:12+05:30","url":"https://golang.org/pkg/net/http/"}
{"httpver":"HTTP/2.0","level":"debug","msg":"Received response from Origin Server","peer":"origin","pkg":"main","reqid":1517717112,"scheme":"https","statuscode":200,"time":"2018-02-04T09:35:14+05:30","url":"https://golang.org/pkg/net/http/"}
{"httpver":"HTTP/1.1","level":"debug","method":"GET","msg":"Received request from User Agent","peer":"ua","pkg":"main","reqid":1517717118,"scheme":"https","time":"2018-02-04T09:35:18+05:30","url":"https://golang.org/pkg/"}
{"httpver":"HTTP/1.1","level":"debug","method":"GET","msg":"Sending request to Origin Server","peer":"origin","pkg":"main","reqid":1517717118,"scheme":"https","time":"2018-02-04T09:35:18+05:30","url":"https://golang.org/pkg/"}
{"httpver":"HTTP/2.0","level":"debug","msg":"Received response from Origin Server","peer":"origin","pkg":"main","reqid":1517717118,"scheme":"https","statuscode":200,"time":"2018-02-04T09:35:19+05:30","url":"https://golang.org/pkg/"}
{"httpver":"HTTP/1.1","level":"debug","method":"GET","msg":"Received request from User Agent","peer":"ua","pkg":"main","reqid":1517717120,"scheme":"https","time":"2018-02-04T09:35:20+05:30","url":"https://golang.org/"}
{"httpver":"HTTP/1.1","level":"debug","method":"GET","msg":"Sending request to Origin Server","peer":"origin","pkg":"main","reqid":1517717120,"scheme":"https","time":"2018-02-04T09:35:20+05:30","url":"https://golang.org/"}
{"httpver":"HTTP/2.0","level":"debug","msg":"Received response from Origin Server","peer":"origin","pkg":"main","reqid":1517717120,"scheme":"https","statuscode":200,"time":"2018-02-04T09:35:20+05:30","url":"https://golang.org/"}
{"httpver":"HTTP/1.1","level":"debug","method":"GET","msg":"Received request from User Agent","peer":"ua","pkg":"main","reqid":1517717121,"scheme":"https","time":"2018-02-04T09:35:21+05:30","url":"https://documentation.a10networks.com/signin.html"}
{"httpver":"HTTP/1.1","level":"debug","method":"GET","msg":"Sending request to Origin Server","peer":"origin","pkg":"main","reqid":1517717121,"scheme":"https","time":"2018-02-04T09:35:21+05:30","url":"https://documentation.a10networks.com/signin.html"}
{"httpver":"HTTP/1.1","level":"debug","msg":"Received response from Origin Server","peer":"origin","pkg":"main","reqid":1517717121,"scheme":"https","statuscode":200,"time":"2018-02-04T09:35:23+05:30","url":"https://documentation.a10networks.com/signin.html"}
{"httpver":"HTTP/1.1","level":"debug","method":"GET","msg":"Received request from User Agent","peer":"ua","pkg":"main","reqid":1517717123,"scheme":"https","time":"2018-02-04T09:35:23+05:30","url":"https://www.youtube.com/watch?v=IQBe89TXAg8"}
{"httpver":"HTTP/1.1","level":"debug","method":"GET","msg":"Sending request to Origin Server","peer":"origin","pkg":"main","reqid":1517717123,"scheme":"https","time":"2018-02-04T09:35:23+05:30","url":"https://www.youtube.com/watch?v=IQBe89TXAg8"}
{"httpver":"HTTP/2.0","level":"debug","msg":"Received response from Origin Server","peer":"origin","pkg":"main","reqid":1517717123,"scheme":"https","statuscode":200,"time":"2018-02-04T09:35:23+05:30","url":"https://www.youtube.com/watch?v=IQBe89TXAg8"}
{"httpver":"HTTP/1.1","level":"debug","method":"GET","msg":"Received request from User Agent","peer":"ua","pkg":"main","reqid":1517717124,"scheme":"https","time":"2018-02-04T09:35:24+05:30","url":"https://www.youtube.com/watch?v=R9OCA6UFE-0"}
{"httpver":"HTTP/1.1","level":"debug","method":"GET","msg":"Sending request to Origin Server","peer":"origin","pkg":"main","reqid":1517717124,"scheme":"https","time":"2018-02-04T09:35:24+05:30","url":"https://www.youtube.com/watch?v=R9OCA6UFE-0"}
{"httpver":"HTTP/2.0","level":"debug","msg":"Received response from Origin Server","peer":"origin","pkg":"main","reqid":1517717124,"scheme":"https","statuscode":200,"time":"2018-02-04T09:35:24+05:30","url":"https://www.youtube.com/watch?v=R9OCA6UFE-0"}
{"httpver":"HTTP/1.1","level":"debug","method":"GET","msg":"Received request from User Agent","peer":"ua","pkg":"main","reqid":1517717125,"scheme":"https","time":"2018-02-04T09:35:25+05:30","url":"https://www.google.co.in/search?safe=off\u0026source=hp\u0026ei=071xWvu6PMzuzgKD6L_4DQ\u0026q=a9+load+balancer\u0026oq=a9+load+balancer\u0026gs_l=psy-ab.3...710.710.0.837.3.2.0.0.0.0.0.0..0.0....0...1c.1.64.psy-ab..3.0.0.0...0.tNlwcVT07I8"}
{"httpver":"HTTP/1.1","level":"debug","method":"GET","msg":"Sending request to Origin Server","peer":"origin","pkg":"main","reqid":1517717125,"scheme":"https","time":"2018-02-04T09:35:25+05:30","url":"https://www.google.co.in/search?safe=off\u0026source=hp\u0026ei=071xWvu6PMzuzgKD6L_4DQ\u0026q=a9+load+balancer\u0026oq=a9+load+balancer\u0026gs_l=psy-ab.3...710.710.0.837.3.2.0.0.0.0.0.0..0.0....0...1c.1.64.psy-ab..3.0.0.0...0.tNlwcVT07I8"}
{"httpver":"HTTP/2.0","level":"debug","msg":"Received response from Origin Server","peer":"origin","pkg":"main","reqid":1517717125,"scheme":"https","statuscode":403,"time":"2018-02-04T09:35:27+05:30","url":"https://www.google.co.in/search?safe=off\u0026source=hp\u0026ei=071xWvu6PMzuzgKD6L_4DQ\u0026q=a9+load+balancer\u0026oq=a9+load+balancer\u0026gs_l=psy-ab.3...710.710.0.837.3.2.0.0.0.0.0.0..0.0....0...1c.1.64.psy-ab..3.0.0.0...0.tNlwcVT07I8"}
{"httpver":"HTTP/1.1","level":"debug","method":"GET","msg":"Received request from User Agent","peer":"ua","pkg":"main","reqid":1517717127,"scheme":"https","time":"2018-02-04T09:35:27+05:30","url":"https://duckduckgo.com/?q=a9+load+balancer\u0026t=canonical\u0026ia=web"}
{"httpver":"HTTP/1.1","level":"debug","method":"GET","msg":"Sending request to Origin Server","peer":"origin","pkg":"main","reqid":1517717127,"scheme":"https","time":"2018-02-04T09:35:27+05:30","url":"https://duckduckgo.com/?q=a9+load+balancer\u0026t=canonical\u0026ia=web"}
{"httpver":"HTTP/2.0","level":"debug","msg":"Received response from Origin Server","peer":"origin","pkg":"main","reqid":1517717127,"scheme":"https","statuscode":200,"time":"2018-02-04T09:35:28+05:30","url":"https://duckduckgo.com/?q=a9+load+balancer\u0026t=canonical\u0026ia=web"}
{"httpver":"HTTP/1.1","level":"debug","method":"GET","msg":"Received request from User Agent","peer":"ua","pkg":"main","reqid":1517717128,"scheme":"https","time":"2018-02-04T09:35:28+05:30","url":"https://duckduckgo.com/?q=a9+load+balancer\u0026t=canonical"}
{"httpver":"HTTP/1.1","level":"debug","method":"GET","msg":"Sending request to Origin Server","peer":"origin","pkg":"main","reqid":1517717128,"scheme":"https","time":"2018-02-04T09:35:28+05:30","url":"https://duckduckgo.com/?q=a9+load+balancer\u0026t=canonical"}
{"httpver":"HTTP/2.0","level":"debug","msg":"Received response from Origin Server","peer":"origin","pkg":"main","reqid":1517717128,"scheme":"https","statuscode":200,"time":"2018-02-04T09:35:29+05:30","url":"https://duckduckgo.com/?q=a9+load+balancer\u0026t=canonical"}
{"httpver":"HTTP/1.1","level":"debug","method":"GET","msg":"Received request from User Agent","peer":"ua","pkg":"main","reqid":1517717129,"scheme":"https","time":"2018-02-04T09:35:29+05:30","url":"https://www.a10networks.com/products/thunder-series/thunder-application_delivery_controller"}
{"httpver":"HTTP/1.1","level":"debug","method":"GET","msg":"Sending request to Origin Server","peer":"origin","pkg":"main","reqid":1517717129,"scheme":"https","time":"2018-02-04T09:35:29+05:30","url":"https://www.a10networks.com/products/thunder-series/thunder-application_delivery_controller"}
{"httpver":"HTTP/1.1","level":"debug","msg":"Received response from Origin Server","peer":"origin","pkg":"main","reqid":1517717129,"scheme":"https","statuscode":200,"time":"2018-02-04T09:35:36+05:30","url":"https://www.a10networks.com/products/thunder-series/thunder-application_delivery_controller"}
{"httpver":"HTTP/1.1","level":"debug","method":"GET","msg":"Received request from User Agent","peer":"ua","pkg":"main","reqid":1517717136,"scheme":"https","time":"2018-02-04T09:35:36+05:30","url":"https://www.reddit.com/r/networking/comments/2bhe5k/a10_vs_f5/"}
{"httpver":"HTTP/1.1","level":"debug","method":"GET","msg":"Sending request to Origin Server","peer":"origin","pkg":"main","reqid":1517717136,"scheme":"https","time":"2018-02-04T09:35:36+05:30","url":"https://www.reddit.com/r/networking/comments/2bhe5k/a10_vs_f5/"}
{"httpver":"HTTP/2.0","level":"debug","msg":"Received response from Origin Server","peer":"origin","pkg":"main","reqid":1517717136,"scheme":"https","statuscode":200,"time":"2018-02-04T09:35:40+05:30","url":"https://www.reddit.com/r/networking/comments/2bhe5k/a10_vs_f5/"}
{"httpver":"HTTP/1.1","level":"debug","method":"GET","msg":"Received request from User Agent","peer":"ua","pkg":"main","reqid":1517717141,"scheme":"https","time":"2018-02-04T09:35:41+05:30","url":"https://www.a10networks.com/"}
{"httpver":"HTTP/1.1","level":"debug","method":"GET","msg":"Sending request to Origin Server","peer":"origin","pkg":"main","reqid":1517717141,"scheme":"https","time":"2018-02-04T09:35:41+05:30","url":"https://www.a10networks.com/"}
{"httpver":"HTTP/1.1","level":"debug","msg":"Received response from Origin Server","peer":"origin","pkg":"main","reqid":1517717141,"scheme":"https","statuscode":200,"time":"2018-02-04T09:35:43+05:30","url":"https://www.a10networks.com/"}
{"httpver":"HTTP/1.1","level":"debug","method":"GET","msg":"Received request from User Agent","peer":"ua","pkg":"main","reqid":1517717145,"scheme":"https","time":"2018-02-04T09:35:45+05:30","url":"https://duckduckgo.com/?q=a9+load+balancerr\u0026t=canonical\u0026ia=web"}
{"httpver":"HTTP/1.1","level":"debug","method":"GET","msg":"Sending request to Origin Server","peer":"origin","pkg":"main","reqid":1517717145,"scheme":"https","time":"2018-02-04T09:35:45+05:30","url":"https://duckduckgo.com/?q=a9+load+balancerr\u0026t=canonical\u0026ia=web"}
{"httpver":"HTTP/2.0","level":"debug","msg":"Received response from Origin Server","peer":"origin","pkg":"main","reqid":1517717145,"scheme":"https","statuscode":200,"time":"2018-02-04T09:35:45+05:30","url":"https://duckduckgo.com/?q=a9+load+balancerr\u0026t=canonical\u0026ia=web"}
{"httpver":"HTTP/1.1","level":"debug","method":"GET","msg":"Received request from User Agent","peer":"ua","pkg":"main","reqid":1517717145,"scheme":"https","time":"2018-02-04T09:35:45+05:30","url":"https://duckduckgo.com/?q=a9+load+balancerr\u0026t=canonical"}
{"httpver":"HTTP/1.1","level":"debug","method":"GET","msg":"Sending request to Origin Server","peer":"origin","pkg":"main","reqid":1517717145,"scheme":"https","time":"2018-02-04T09:35:45+05:30","url":"https://duckduckgo.com/?q=a9+load+balancerr\u0026t=canonical"}
{"httpver":"HTTP/2.0","level":"debug","msg":"Received response from Origin Server","peer":"origin","pkg":"main","reqid":1517717145,"scheme":"https","statuscode":200,"time":"2018-02-04T09:35:46+05:30","url":"https://duckduckgo.com/?q=a9+load+balancerr\u0026t=canonical"}
{"httpver":"HTTP/1.1","level":"debug","method":"GET","msg":"Received request from User Agent","peer":"ua","pkg":"main","reqid":1517717146,"scheme":"https","time":"2018-02-04T09:35:46+05:30","url":"https://stackoverflow.com/questions/29759380/curl-is-not-working-with-nghttp2#29764540"}
{"httpver":"HTTP/1.1","level":"debug","method":"GET","msg":"Sending request to Origin Server","peer":"origin","pkg":"main","reqid":1517717146,"scheme":"https","time":"2018-02-04T09:35:46+05:30","url":"https://stackoverflow.com/questions/29759380/curl-is-not-working-with-nghttp2#29764540"}
{"httpver":"HTTP/2.0","level":"debug","msg":"Received response from Origin Server","peer":"origin","pkg":"main","reqid":1517717146,"scheme":"https","statuscode":200,"time":"2018-02-04T09:35:50+05:30","url":"https://stackoverflow.com/questions/29759380/curl-is-not-working-with-nghttp2#29764540"}
{"httpver":"HTTP/1.1","level":"debug","method":"GET","msg":"Received request from User Agent","peer":"ua","pkg":"main","reqid":1517717151,"scheme":"http","time":"2018-02-04T09:35:51+05:30","url":"http://stackoverflow.com/questions/29759380/ddg#29764540"}
{"httpver":"HTTP/1.1","level":"debug","method":"GET","msg":"Sending request to Origin Server","peer":"origin","pkg":"main","reqid":1517717151,"scheme":"http","time":"2018-02-04T09:35:51+05:30","url":"http://stackoverflow.com/questions/29759380/ddg#29764540"}
{"httpver":"HTTP/2.0","level":"debug","msg":"Received response from Origin Server","peer":"origin","pkg":"main","reqid":1517717151,"scheme":"https","statuscode":200,"time":"2018-02-04T09:35:53+05:30","url":"https://stackoverflow.com/questions/29759380/curl-is-not-working-with-nghttp2"}
{"httpver":"HTTP/1.1","level":"debug","method":"GET","msg":"Received request from User Agent","peer":"ua","pkg":"main","reqid":1517717154,"scheme":"https","time":"2018-02-04T09:35:54+05:30","url":"https://duckduckgo.com/?q=curl+using+http2\u0026t=canonical\u0026ia=qa"}
{"httpver":"HTTP/1.1","level":"debug","method":"GET","msg":"Sending request to Origin Server","peer":"origin","pkg":"main","reqid":1517717154,"scheme":"https","time":"2018-02-04T09:35:54+05:30","url":"https://duckduckgo.com/?q=curl+using+http2\u0026t=canonical\u0026ia=qa"}
{"httpver":"HTTP/2.0","level":"debug","msg":"Received response from Origin Server","peer":"origin","pkg":"main","reqid":1517717154,"scheme":"https","statuscode":200,"time":"2018-02-04T09:35:55+05:30","url":"https://duckduckgo.com/?q=curl+using+http2\u0026t=canonical\u0026ia=qa"}
{"httpver":"HTTP/1.1","level":"debug","method":"GET","msg":"Received request from User Agent","peer":"ua","pkg":"main","reqid":1517717155,"scheme":"https","time":"2018-02-04T09:35:55+05:30","url":"https://duckduckgo.com/?q=curl+using+http2\u0026t=canonical"}
{"httpver":"HTTP/1.1","level":"debug","method":"GET","msg":"Sending request to Origin Server","peer":"origin","pkg":"main","reqid":1517717155,"scheme":"https","time":"2018-02-04T09:35:55+05:30","url":"https://duckduckgo.com/?q=curl+using+http2\u0026t=canonical"}
{"httpver":"HTTP/2.0","level":"debug","msg":"Received response from Origin Server","peer":"origin","pkg":"main","reqid":1517717155,"scheme":"https","statuscode":200,"time":"2018-02-04T09:35:55+05:30","url":"https://duckduckgo.com/?q=curl+using+http2\u0026t=canonical"}
{"httpver":"HTTP/1.1","level":"debug","method":"GET","msg":"Received request from User Agent","peer":"ua","pkg":"main","reqid":1517717155,"scheme":"https","time":"2018-02-04T09:35:55+05:30","url":"https://osqa-ask.wireshark.org/questions/34075/why-wireshark-cannot-display-tlsssl"}
{"httpver":"HTTP/1.1","level":"debug","method":"GET","msg":"Sending request to Origin Server","peer":"origin","pkg":"main","reqid":1517717155,"scheme":"https","time":"2018-02-04T09:35:55+05:30","url":"https://osqa-ask.wireshark.org/questions/34075/why-wireshark-cannot-display-tlsssl"}
{"httpver":"HTTP/2.0","level":"debug","msg":"Received response from Origin Server","peer":"origin","pkg":"main","reqid":1517717155,"scheme":"https","statuscode":200,"time":"2018-02-04T09:35:59+05:30","url":"https://osqa-ask.wireshark.org/questions/34075/why-wireshark-cannot-display-tlsssl"}
{"httpver":"HTTP/1.1","level":"debug","method":"GET","msg":"Received request from User Agent","peer":"ua","pkg":"main","reqid":1517717159,"scheme":"http","time":"2018-02-04T09:35:59+05:30","url":"http://blog.fourthbit.com/2014/12/23/traffic-analysis-of-an-ssl-slash-tls-session/"}
{"httpver":"HTTP/1.1","level":"debug","method":"GET","msg":"Sending request to Origin Server","peer":"origin","pkg":"main","reqid":1517717159,"scheme":"http","time":"2018-02-04T09:35:59+05:30","url":"http://blog.fourthbit.com/2014/12/23/traffic-analysis-of-an-ssl-slash-tls-session/"}
{"httpver":"HTTP/1.1","level":"debug","msg":"Received response from Origin Server","peer":"origin","pkg":"main","reqid":1517717159,"scheme":"http","statuscode":200,"time":"2018-02-04T09:36:01+05:30","url":"http://blog.fourthbit.com/2014/12/23/traffic-analysis-of-an-ssl-slash-tls-session/"}
{"httpver":"HTTP/1.1","level":"debug","method":"GET","msg":"Received request from User Agent","peer":"ua","pkg":"main","reqid":1517717162,"scheme":"https","time":"2018-02-04T09:36:02+05:30","url":"https://duckduckgo.com/?q=tcp+packet+format+for+tls\u0026t=canonical\u0026ia=web"}
{"httpver":"HTTP/1.1","level":"debug","method":"GET","msg":"Sending request to Origin Server","peer":"origin","pkg":"main","reqid":1517717162,"scheme":"https","time":"2018-02-04T09:36:02+05:30","url":"https://duckduckgo.com/?q=tcp+packet+format+for+tls\u0026t=canonical\u0026ia=web"}
{"httpver":"HTTP/2.0","level":"debug","msg":"Received response from Origin Server","peer":"origin","pkg":"main","reqid":1517717162,"scheme":"https","statuscode":200,"time":"2018-02-04T09:36:02+05:30","url":"https://duckduckgo.com/?q=tcp+packet+format+for+tls\u0026t=canonical\u0026ia=web"}
{"httpver":"HTTP/1.1","level":"debug","method":"GET","msg":"Received request from User Agent","peer":"ua","pkg":"main","reqid":1517717162,"scheme":"https","time":"2018-02-04T09:36:02+05:30","url":"https://duckduckgo.com/?q=tcp+packet+format+for+tls\u0026t=canonical"}
{"httpver":"HTTP/1.1","level":"debug","method":"GET","msg":"Sending request to Origin Server","peer":"origin","pkg":"main","reqid":1517717162,"scheme":"https","time":"2018-02-04T09:36:02+05:30","url":"https://duckduckgo.com/?q=tcp+packet+format+for+tls\u0026t=canonical"}
{"httpver":"HTTP/2.0","level":"debug","msg":"Received response from Origin Server","peer":"origin","pkg":"main","reqid":1517717162,"scheme":"https","statuscode":200,"time":"2018-02-04T09:36:03+05:30","url":"https://duckduckgo.com/?q=tcp+packet+format+for+tls\u0026t=canonical"}
{"httpver":"HTTP/1.1","level":"debug","method":"GET","msg":"Received request from User Agent","peer":"ua","pkg":"main","reqid":1517717163,"scheme":"http","time":"2018-02-04T09:36:03+05:30","url":"http://freesoft.org/CIE/Course/Section4/8.htm"}
{"httpver":"HTTP/1.1","level":"debug","method":"GET","msg":"Sending request to Origin Server","peer":"origin","pkg":"main","reqid":1517717163,"scheme":"http","time":"2018-02-04T09:36:03+05:30","url":"http://freesoft.org/CIE/Course/Section4/8.htm"}
{"httpver":"HTTP/1.1","level":"debug","msg":"Received response from Origin Server","peer":"origin","pkg":"main","reqid":1517717163,"scheme":"http","statuscode":200,"time":"2018-02-04T09:36:05+05:30","url":"http://freesoft.org/CIE/Course/Section4/8.htm"}
{"httpver":"HTTP/1.1","level":"debug","method":"GET","msg":"Received request from User Agent","peer":"ua","pkg":"main","reqid":1517717165,"scheme":"https","time":"2018-02-04T09:36:05+05:30","url":"https://duckduckgo.com/?q=tcp+packet+format\u0026t=canonical\u0026ia=web"}
{"httpver":"HTTP/1.1","level":"debug","method":"GET","msg":"Sending request to Origin Server","peer":"origin","pkg":"main","reqid":1517717165,"scheme":"https","time":"2018-02-04T09:36:05+05:30","url":"https://duckduckgo.com/?q=tcp+packet+format\u0026t=canonical\u0026ia=web"}
{"httpver":"HTTP/2.0","level":"debug","msg":"Received response from Origin Server","peer":"origin","pkg":"main","reqid":1517717165,"scheme":"https","statuscode":200,"time":"2018-02-04T09:36:06+05:30","url":"https://duckduckgo.com/?q=tcp+packet+format\u0026t=canonical\u0026ia=web"}
{"httpver":"HTTP/1.1","level":"debug","method":"GET","msg":"Received request from User Agent","peer":"ua","pkg":"main","reqid":1517717166,"scheme":"https","time":"2018-02-04T09:36:06+05:30","url":"https://duckduckgo.com/?q=tcp+packet+format\u0026t=canonical"}
{"httpver":"HTTP/1.1","level":"debug","method":"GET","msg":"Sending request to Origin Server","peer":"origin","pkg":"main","reqid":1517717166,"scheme":"https","time":"2018-02-04T09:36:06+05:30","url":"https://duckduckgo.com/?q=tcp+packet+format\u0026t=canonical"}
{"httpver":"HTTP/2.0","level":"debug","msg":"Received response from Origin Server","peer":"origin","pkg":"main","reqid":1517717166,"scheme":"https","statuscode":200,"time":"2018-02-04T09:36:06+05:30","url":"https://duckduckgo.com/?q=tcp+packet+format\u0026t=canonical"}
{"httpver":"HTTP/1.1","level":"debug","method":"GET","msg":"Received request from User Agent","peer":"ua","pkg":"main","reqid":1517717166,"scheme":"https","time":"2018-02-04T09:36:06+05:30","url":"https://stackoverflow.com/questions/39624745/capture-only-ssl-handshake-with-tcpdump"}
{"httpver":"HTTP/1.1","level":"debug","method":"GET","msg":"Sending request to Origin Server","peer":"origin","pkg":"main","reqid":1517717166,"scheme":"https","time":"2018-02-04T09:36:06+05:30","url":"https://stackoverflow.com/questions/39624745/capture-only-ssl-handshake-with-tcpdump"}
{"httpver":"HTTP/2.0","level":"debug","msg":"Received response from Origin Server","peer":"origin","pkg":"main","reqid":1517717166,"scheme":"https","statuscode":200,"time":"2018-02-04T09:36:08+05:30","url":"https://stackoverflow.com/questions/39624745/capture-only-ssl-handshake-with-tcpdump"}
{"httpver":"HTTP/1.1","level":"debug","method":"GET","msg":"Received request from User Agent","peer":"ua","pkg":"main","reqid":1517717169,"scheme":"https","time":"2018-02-04T09:36:09+05:30","url":"https://duckduckgo.com/?q=inspect+tls+with+tcpdump\u0026t=canonical\u0026ia=qa"}
{"httpver":"HTTP/1.1","level":"debug","method":"GET","msg":"Sending request to Origin Server","peer":"origin","pkg":"main","reqid":1517717169,"scheme":"https","time":"2018-02-04T09:36:09+05:30","url":"https://duckduckgo.com/?q=inspect+tls+with+tcpdump\u0026t=canonical\u0026ia=qa"}
{"httpver":"HTTP/2.0","level":"debug","msg":"Received response from Origin Server","peer":"origin","pkg":"main","reqid":1517717169,"scheme":"https","statuscode":200,"time":"2018-02-04T09:36:10+05:30","url":"https://duckduckgo.com/?q=inspect+tls+with+tcpdump\u0026t=canonical\u0026ia=qa"}
{"httpver":"HTTP/1.1","level":"debug","method":"GET","msg":"Received request from User Agent","peer":"ua","pkg":"main","reqid":1517717170,"scheme":"https","time":"2018-02-04T09:36:10+05:30","url":"https://duckduckgo.com/?q=inspect+tls+with+tcpdump\u0026t=canonical"}
{"httpver":"HTTP/1.1","level":"debug","method":"GET","msg":"Sending request to Origin Server","peer":"origin","pkg":"main","reqid":1517717170,"scheme":"https","time":"2018-02-04T09:36:10+05:30","url":"https://duckduckgo.com/?q=inspect+tls+with+tcpdump\u0026t=canonical"}
{"httpver":"HTTP/2.0","level":"debug","msg":"Received response from Origin Server","peer":"origin","pkg":"main","reqid":1517717170,"scheme":"https","statuscode":200,"time":"2018-02-04T09:36:10+05:30","url":"https://duckduckgo.com/?q=inspect+tls+with+tcpdump\u0026t=canonical"}
{"httpver":"HTTP/1.1","level":"debug","method":"GET","msg":"Received request from User Agent","peer":"ua","pkg":"main","reqid":1517717170,"scheme":"http","time":"2018-02-04T09:36:10+05:30","url":"http://www.tcpdump.org/"}
{"httpver":"HTTP/1.1","level":"debug","method":"GET","msg":"Sending request to Origin Server","peer":"origin","pkg":"main","reqid":1517717170,"scheme":"http","time":"2018-02-04T09:36:10+05:30","url":"http://www.tcpdump.org/"}
{"httpver":"HTTP/1.1","level":"debug","msg":"Received response from Origin Server","peer":"origin","pkg":"main","reqid":1517717170,"scheme":"http","statuscode":200,"time":"2018-02-04T09:36:12+05:30","url":"http://www.tcpdump.org/"}
{"httpver":"HTTP/1.1","level":"debug","method":"GET","msg":"Received request from User Agent","peer":"ua","pkg":"main","reqid":1517717177,"scheme":"https","time":"2018-02-04T09:36:17+05:30","url":"https://danielmiessler.com/study/tcpdump/"}
{"httpver":"HTTP/1.1","level":"debug","method":"GET","msg":"Sending request to Origin Server","peer":"origin","pkg":"main","reqid":1517717177,"scheme":"https","time":"2018-02-04T09:36:17+05:30","url":"https://danielmiessler.com/study/tcpdump/"}
{"httpver":"HTTP/2.0","level":"debug","msg":"Received response from Origin Server","peer":"origin","pkg":"main","reqid":1517717177,"scheme":"https","statuscode":200,"time":"2018-02-04T09:36:25+05:30","url":"https://danielmiessler.com/study/tcpdump/"}
{"httpver":"HTTP/1.1","level":"debug","method":"GET","msg":"Received request from User Agent","peer":"ua","pkg":"main","reqid":1517717189,"scheme":"https","time":"2018-02-04T09:36:29+05:30","url":"https://duckduckgo.com/?q=tcpdump\u0026t=canonical\u0026ia=web"}
{"httpver":"HTTP/1.1","level":"debug","method":"GET","msg":"Sending request to Origin Server","peer":"origin","pkg":"main","reqid":1517717189,"scheme":"https","time":"2018-02-04T09:36:29+05:30","url":"https://duckduckgo.com/?q=tcpdump\u0026t=canonical\u0026ia=web"}
{"httpver":"HTTP/2.0","level":"debug","msg":"Received response from Origin Server","peer":"origin","pkg":"main","reqid":1517717189,"scheme":"https","statuscode":200,"time":"2018-02-04T09:36:29+05:30","url":"https://duckduckgo.com/?q=tcpdump\u0026t=canonical\u0026ia=web"}
{"httpver":"HTTP/1.1","level":"debug","method":"GET","msg":"Received request from User Agent","peer":"ua","pkg":"main","reqid":1517717189,"scheme":"https","time":"2018-02-04T09:36:29+05:30","url":"https://duckduckgo.com/?q=tcpdump\u0026t=canonical"}
{"httpver":"HTTP/1.1","level":"debug","method":"GET","msg":"Sending request to Origin Server","peer":"origin","pkg":"main","reqid":1517717189,"scheme":"https","time":"2018-02-04T09:36:29+05:30","url":"https://duckduckgo.com/?q=tcpdump\u0026t=canonical"}
{"httpver":"HTTP/2.0","level":"debug","msg":"Received response from Origin Server","peer":"origin","pkg":"main","reqid":1517717189,"scheme":"https","statuscode":200,"time":"2018-02-04T09:36:30+05:30","url":"https://duckduckgo.com/?q=tcpdump\u0026t=canonical"}
{"httpver":"HTTP/1.1","level":"debug","method":"GET","msg":"Received request from User Agent","peer":"ua","pkg":"main","reqid":1517717190,"scheme":"http","time":"2018-02-04T09:36:30+05:30","url":"http://localhost/proj/pprod/index.html?highlight=tcpdump"}
{"httpver":"HTTP/1.1","level":"debug","method":"GET","msg":"Sending request to Origin Server","peer":"origin","pkg":"main","reqid":1517717190,"scheme":"http","time":"2018-02-04T09:36:30+05:30","url":"http://localhost/proj/pprod/index.html?highlight=tcpdump"}
{"httpver":"HTTP/1.1","level":"debug","msg":"Received response from Origin Server","peer":"origin","pkg":"main","reqid":1517717190,"scheme":"http","statuscode":200,"time":"2018-02-04T09:36:30+05:30","url":"http://localhost/proj/pprod/index.html?highlight=tcpdump"}
{"httpver":"HTTP/1.1","level":"debug","method":"GET","msg":"Received request from User Agent","peer":"ua","pkg":"main","reqid":1517717190,"scheme":"http","time":"2018-02-04T09:36:30+05:30","url":"http://localhost/proj/search.html?q=tcpdump\u0026check_keywords=yes\u0026area=default"}
{"httpver":"HTTP/1.1","level":"debug","method":"GET","msg":"Sending request to Origin Server","peer":"origin","pkg":"main","reqid":1517717190,"scheme":"http","time":"2018-02-04T09:36:30+05:30","url":"http://localhost/proj/search.html?q=tcpdump\u0026check_keywords=yes\u0026area=default"}
{"httpver":"HTTP/1.1","level":"debug","msg":"Received response from Origin Server","peer":"origin","pkg":"main","reqid":1517717190,"scheme":"http","statuscode":200,"time":"2018-02-04T09:36:30+05:30","url":"http://localhost/proj/search.html?q=tcpdump\u0026check_keywords=yes\u0026area=default"}
{"httpver":"HTTP/1.1","level":"debug","method":"GET","msg":"Received request from User Agent","peer":"ua","pkg":"main","reqid":1517717190,"scheme":"https","time":"2018-02-04T09:36:30+05:30","url":"https://git.pubmatic.com/PubMatic/adserver/commit/04bcfcf68078120f90c85729e04ad3deb042f4bf"}
{"httpver":"HTTP/1.1","level":"debug","method":"GET","msg":"Sending request to Origin Server","peer":"origin","pkg":"main","reqid":1517717190,"scheme":"https","time":"2018-02-04T09:36:30+05:30","url":"https://git.pubmatic.com/PubMatic/adserver/commit/04bcfcf68078120f90c85729e04ad3deb042f4bf"}
{"httpver":"HTTP/1.1","level":"debug","msg":"Received response from Origin Server","peer":"origin","pkg":"main","reqid":1517717190,"scheme":"https","statuscode":200,"time":"2018-02-04T09:36:40+05:30","url":"https://pubmatic.okta.com/login/login.htm?fromURI=%2Fapp%2Fgithub_enterprise%2Fexk14llqlrfjtejzj0h8%2Fsso%2Fsaml%3FRelayState%3DXDQfDAtw7anltEziuS4oAzwI2H4up46ianGt7nSSgRYAbcSnkQ7gWlJLrIuITKf2wuF6glX0ipYEgU7HATB1nYBL82uKc46y8bJx5_Pie-A%26SAMLRequest%3DfZJRb9owEMff%252BykivxPbIWHBAipaNA2pK1Fhe9hLZZxLMU3s1Oewdp9%252BJqVb%250AtYm%252Bnv93%252Bv3uPLl8buroAA61NVPCY0YuZxcTlE3dinnnd%252BYOnjpAH4WcQdE%252F%250ATEnnjLASNQojG0DhlVjPv96IJGaiddZbZWvyruXjDokIzgcAEi0XU3Kv1Cgd%250Ap8PtpyTj46EsVQKSMzYaZ1LxvBpVWSJlmqflmFcjludVeBhLlslhJtNsyMIY%250AxA6WBr00fkoSxvMBSwYs3bBUsJEYZj9I9P1NOiCQaBEctZG%252Br%252By8b1FQ2nbb%250AJpRUbB%252B9jJVtqGxb%252BqD9rtveg%252FHgWqcRKDw%252F8rSun2pX7T3sf%252B3ZLqeIlh7d%250AjzRFUNQHmJJK1ggkKk47utKm1Obh4%252FVsX0Movmw2xaBYrTckmr%252Bt7Noa7Bpw%250Aa3AHreDb3c1f%252FAAa%252F1E40h9xqHrtILP%252ByqJflZud65nQ96nTx7gNjMtFYWut%250AXqJ5Xduf1w6kD37edUHvs3VhwHkrHvO%252BostB1UdFZ7AFpSsNJaEnsqBW6qMj%250ARrfWX0GIwrljhsDKrNy8Cjf5N8N5nwlj6f%252F%252FenbxGw%253D%253D%250A%26SigAlg%3Dhttp%253A%252F%252Fwww.w3.org%252F2001%252F04%252Fxmldsig-more%2523rsa-sha256%26Signature%3DldcHmr6wS4rhlvcWTE0g%252FwJxlgPDkQcocm3%252F765QaoE1OLnebyhLJKCeqxlQ%250Ae0YJY6G%252BW0IwYjWT3ZNpMvFff5HSNPipBuuRy6RKYP5JpD8bCs3gLPVRkGl7%250A1djqcXN%252FW98pIyu3tlEDXuMILL7EQplixOrCvpZSpsVv%252BSCRiTvCYG4Syx8E%250AJ7%252BDbh9b8ddrCcTc9%252FU%252FXOV6FLpBG8hnZMySXfpTUSml7dNU17KOrQg4tC0g%250AVcsJz8aSoBby4Qlf8X9FztLl%252BlXT%252FIlnw1xRMuDbyjLUEtBBDKAUs%252FTJWpqS%250A7bmZxk85kHZ7QubBEu1vQYT%252FF%252FBDS%252FVpl5bUJZ5ZoGrP7eXVbpK%252FllBnX302%250ANMKPMn3xy%252BzDo5z9wP7omLivir5R77BR1F4az4NQZJmlFWESrL8QJ4FecSce%250AahGBz94yT9RUUrvlTMtIGGDj9H%252BnZGiS0Y1w4ejqRDh2LkmZ4ZRbN28QYTDw%250AtqqYKJHUZ86DSjAZSoc1aj%252F3M51Pgrmcqe3Q%252BhU3im%252FuIgxS1Vv7Ey2ZWeRq%250AMtRcvr1jo4Kzj0ynrHgHRwly5yJZ30qiz8nNA4XMizBrnE4Y5lDVORGKfVeR%250Abi0Cc9KzBvPmZZvHSyUzWL%252BnPA1WR6XPDRXql4PmNZKRWwLX8HuR%252BUyNh1t2%250AOogxfTvPdA1wTqHsmc0OSWQ%253D%250A"}
{"httpver":"HTTP/1.1","level":"debug","method":"GET","msg":"Received request from User Agent","peer":"ua","pkg":"main","reqid":1517717205,"scheme":"https","time":"2018-02-04T09:36:45+05:30","url":"https://www.google.co.in/search?q=FIX-ASD-4535\u0026gws_rd=cr\u0026dcr=0\u0026ei=_oVxWqeKLo7gzgLEuIZg"}
{"httpver":"HTTP/1.1","level":"debug","method":"GET","msg":"Sending request to Origin Server","peer":"origin","pkg":"main","reqid":1517717205,"scheme":"https","time":"2018-02-04T09:36:45+05:30","url":"https://www.google.co.in/search?q=FIX-ASD-4535\u0026gws_rd=cr\u0026dcr=0\u0026ei=_oVxWqeKLo7gzgLEuIZg"}
{"httpver":"HTTP/2.0","level":"debug","msg":"Received response from Origin Server","peer":"origin","pkg":"main","reqid":1517717205,"scheme":"https","statuscode":403,"time":"2018-02-04T09:36:48+05:30","url":"https://www.google.co.in/search?q=FIX-ASD-4535\u0026gws_rd=cr\u0026dcr=0\u0026ei=_oVxWqeKLo7gzgLEuIZg"}
{"httpver":"HTTP/1.1","level":"debug","method":"GET","msg":"Received request from User Agent","peer":"ua","pkg":"main","reqid":1517717209,"scheme":"https","time":"2018-02-04T09:36:49+05:30","url":"https://www.cyberciti.biz/faq/how-to-test-or-check-reverse-dns/"}
{"httpver":"HTTP/1.1","level":"debug","method":"GET","msg":"Sending request to Origin Server","peer":"origin","pkg":"main","reqid":1517717209,"scheme":"https","time":"2018-02-04T09:36:49+05:30","url":"https://www.cyberciti.biz/faq/how-to-test-or-check-reverse-dns/"}
{"httpver":"HTTP/2.0","level":"debug","msg":"Received response from Origin Server","peer":"origin","pkg":"main","reqid":1517717209,"scheme":"https","statuscode":200,"time":"2018-02-04T09:36:52+05:30","url":"https://www.cyberciti.biz/faq/how-to-test-or-check-reverse-dns/"}
{"httpver":"HTTP/1.1","level":"debug","method":"GET","msg":"Received request from User Agent","peer":"ua","pkg":"main","reqid":1517717213,"scheme":"https","time":"2018-02-04T09:36:53+05:30","url":"https://duckduckgo.com/?q=reverse+dns+linux\u0026t=canonical\u0026ia=web"}
{"httpver":"HTTP/1.1","level":"debug","method":"GET","msg":"Sending request to Origin Server","peer":"origin","pkg":"main","reqid":1517717213,"scheme":"https","time":"2018-02-04T09:36:53+05:30","url":"https://duckduckgo.com/?q=reverse+dns+linux\u0026t=canonical\u0026ia=web"}
{"httpver":"HTTP/2.0","level":"debug","msg":"Received response from Origin Server","peer":"origin","pkg":"main","reqid":1517717213,"scheme":"https","statuscode":200,"time":"2018-02-04T09:36:53+05:30","url":"https://duckduckgo.com/?q=reverse+dns+linux\u0026t=canonical\u0026ia=web"}
{"httpver":"HTTP/1.1","level":"debug","method":"GET","msg":"Received request from User Agent","peer":"ua","pkg":"main","reqid":1517717213,"scheme":"https","time":"2018-02-04T09:36:53+05:30","url":"https://duckduckgo.com/?q=reverse+dns+linux\u0026t=canonical"}
{"httpver":"HTTP/1.1","level":"debug","method":"GET","msg":"Sending request to Origin Server","peer":"origin","pkg":"main","reqid":1517717213,"scheme":"https","time":"2018-02-04T09:36:53+05:30","url":"https://duckduckgo.com/?q=reverse+dns+linux\u0026t=canonical"}
{"httpver":"HTTP/2.0","level":"debug","msg":"Received response from Origin Server","peer":"origin","pkg":"main","reqid":1517717213,"scheme":"https","statuscode":200,"time":"2018-02-04T09:36:54+05:30","url":"https://duckduckgo.com/?q=reverse+dns+linux\u0026t=canonical"}
{"httpver":"HTTP/1.1","level":"debug","method":"GET","msg":"Received request from User Agent","peer":"ua","pkg":"main","reqid":1517717214,"scheme":"https","time":"2018-02-04T09:36:54+05:30","url":"https://duckduckgo.com/?q=reverse+dns\u0026t=canonical\u0026ia=web"}
{"httpver":"HTTP/1.1","level":"debug","method":"GET","msg":"Sending request to Origin Server","peer":"origin","pkg":"main","reqid":1517717214,"scheme":"https","time":"2018-02-04T09:36:54+05:30","url":"https://duckduckgo.com/?q=reverse+dns\u0026t=canonical\u0026ia=web"}
{"httpver":"HTTP/2.0","level":"debug","msg":"Received response from Origin Server","peer":"origin","pkg":"main","reqid":1517717214,"scheme":"https","statuscode":200,"time":"2018-02-04T09:36:54+05:30","url":"https://duckduckgo.com/?q=reverse+dns\u0026t=canonical\u0026ia=web"}
{"httpver":"HTTP/1.1","level":"debug","method":"GET","msg":"Received request from User Agent","peer":"ua","pkg":"main","reqid":1517717214,"scheme":"https","time":"2018-02-04T09:36:54+05:30","url":"https://duckduckgo.com/?q=reverse+dns\u0026t=canonical"}
{"httpver":"HTTP/1.1","level":"debug","method":"GET","msg":"Sending request to Origin Server","peer":"origin","pkg":"main","reqid":1517717214,"scheme":"https","time":"2018-02-04T09:36:54+05:30","url":"https://duckduckgo.com/?q=reverse+dns\u0026t=canonical"}
{"httpver":"HTTP/2.0","level":"debug","msg":"Received response from Origin Server","peer":"origin","pkg":"main","reqid":1517717214,"scheme":"https","statuscode":200,"time":"2018-02-04T09:36:55+05:30","url":"https://duckduckgo.com/?q=reverse+dns\u0026t=canonical"}
{"httpver":"HTTP/1.1","level":"debug","method":"GET","msg":"Received request from User Agent","peer":"ua","pkg":"main","reqid":1517717215,"scheme":"https","time":"2018-02-04T09:36:55+05:30","url":"https://golang.org/pkg/flag/"}
{"httpver":"HTTP/1.1","level":"debug","method":"GET","msg":"Sending request to Origin Server","peer":"origin","pkg":"main","reqid":1517717215,"scheme":"https","time":"2018-02-04T09:36:55+05:30","url":"https://golang.org/pkg/flag/"}
{"httpver":"HTTP/2.0","level":"debug","msg":"Received response from Origin Server","peer":"origin","pkg":"main","reqid":1517717215,"scheme":"https","statuscode":200,"time":"2018-02-04T09:36:56+05:30","url":"https://golang.org/pkg/flag/"}
{"httpver":"HTTP/1.1","level":"debug","method":"GET","msg":"Received request from User Agent","peer":"ua","pkg":"main","reqid":1517717218,"scheme":"https","time":"2018-02-04T09:36:58+05:30","url":"https://golang.org/pkg/flags/"}
{"httpver":"HTTP/1.1","level":"debug","method":"GET","msg":"Sending request to Origin Server","peer":"origin","pkg":"main","reqid":1517717218,"scheme":"https","time":"2018-02-04T09:36:58+05:30","url":"https://golang.org/pkg/flags/"}
{"httpver":"HTTP/2.0","level":"debug","msg":"Received response from Origin Server","peer":"origin","pkg":"main","reqid":1517717218,"scheme":"https","statuscode":404,"time":"2018-02-04T09:36:59+05:30","url":"https://golang.org/pkg/flags/"}
{"httpver":"HTTP/1.1","level":"debug","method":"GET","msg":"Received request from User Agent","peer":"ua","pkg":"main","reqid":1517717219,"scheme":"http","time":"2018-02-04T09:36:59+05:30","url":"http://golang.org/pkg/flags"}
{"httpver":"HTTP/1.1","level":"debug","method":"GET","msg":"Sending request to Origin Server","peer":"origin","pkg":"main","reqid":1517717219,"scheme":"http","time":"2018-02-04T09:36:59+05:30","url":"http://golang.org/pkg/flags"}
{"httpver":"HTTP/2.0","level":"debug","msg":"Received response from Origin Server","peer":"origin","pkg":"main","reqid":1517717219,"scheme":"https","statuscode":404,"time":"2018-02-04T09:37:02+05:30","url":"https://golang.org/pkg/flags/"}
{"httpver":"HTTP/1.1","level":"debug","method":"GET","msg":"Received request from User Agent","peer":"ua","pkg":"main","reqid":1517717222,"scheme":"https","time":"2018-02-04T09:37:02+05:30","url":"https://godoc.org/golang.org/x/net/http2"}
{"httpver":"HTTP/1.1","level":"debug","method":"GET","msg":"Sending request to Origin Server","peer":"origin","pkg":"main","reqid":1517717222,"scheme":"https","time":"2018-02-04T09:37:02+05:30","url":"https://godoc.org/golang.org/x/net/http2"}
{"httpver":"HTTP/2.0","level":"debug","msg":"Received response from Origin Server","peer":"origin","pkg":"main","reqid":1517717222,"scheme":"https","statuscode":200,"time":"2018-02-04T09:37:05+05:30","url":"https://godoc.org/golang.org/x/net/http2"}
{"httpver":"HTTP/1.1","level":"debug","method":"GET","msg":"Received request from User Agent","peer":"ua","pkg":"main","reqid":1517717225,"scheme":"https","time":"2018-02-04T09:37:05+05:30","url":"https://golang.org/x/net/http2"}
{"httpver":"HTTP/1.1","level":"debug","method":"GET","msg":"Sending request to Origin Server","peer":"origin","pkg":"main","reqid":1517717225,"scheme":"https","time":"2018-02-04T09:37:05+05:30","url":"https://golang.org/x/net/http2"}
{"httpver":"HTTP/2.0","level":"debug","msg":"Received response from Origin Server","peer":"origin","pkg":"main","reqid":1517717225,"scheme":"https","statuscode":200,"time":"2018-02-04T09:37:06+05:30","url":"https://golang.org/x/net/http2"}
{"httpver":"HTTP/1.1","level":"debug","method":"GET","msg":"Received request from User Agent","peer":"ua","pkg":"main","reqid":1517717226,"scheme":"http","time":"2018-02-04T09:37:06+05:30","url":"http://golang.org/x/net/http2"}
{"httpver":"HTTP/1.1","level":"debug","method":"GET","msg":"Sending request to Origin Server","peer":"origin","pkg":"main","reqid":1517717226,"scheme":"http","time":"2018-02-04T09:37:06+05:30","url":"http://golang.org/x/net/http2"}
{"httpver":"HTTP/1.1","level":"debug","msg":"Received response from Origin Server","peer":"origin","pkg":"main","reqid":1517717226,"scheme":"http","statuscode":200,"time":"2018-02-04T09:37:06+05:30","url":"http://golang.org/x/net/http2"}
{"httpver":"HTTP/1.1","level":"debug","method":"GET","msg":"Received request from User Agent","peer":"ua","pkg":"main","reqid":1517717226,"scheme":"https","time":"2018-02-04T09:37:06+05:30","url":"https://duckduckgo.com/?q=nginx+to+offload+ssl\u0026t=canonical\u0026ia=web"}
{"httpver":"HTTP/1.1","level":"debug","method":"GET","msg":"Sending request to Origin Server","peer":"origin","pkg":"main","reqid":1517717226,"scheme":"https","time":"2018-02-04T09:37:06+05:30","url":"https://duckduckgo.com/?q=nginx+to+offload+ssl\u0026t=canonical\u0026ia=web"}
{"httpver":"HTTP/2.0","level":"debug","msg":"Received response from Origin Server","peer":"origin","pkg":"main","reqid":1517717226,"scheme":"https","statuscode":200,"time":"2018-02-04T09:37:07+05:30","url":"https://duckduckgo.com/?q=nginx+to+offload+ssl\u0026t=canonical\u0026ia=web"}
{"httpver":"HTTP/1.1","level":"debug","method":"GET","msg":"Received request from User Agent","peer":"ua","pkg":"main","reqid":1517717227,"scheme":"https","time":"2018-02-04T09:37:07+05:30","url":"https://duckduckgo.com/?q=nginx+to+offload+ssl\u0026t=canonical"}
{"httpver":"HTTP/1.1","level":"debug","method":"GET","msg":"Sending request to Origin Server","peer":"origin","pkg":"main","reqid":1517717227,"scheme":"https","time":"2018-02-04T09:37:07+05:30","url":"https://duckduckgo.com/?q=nginx+to+offload+ssl\u0026t=canonical"}
{"httpver":"HTTP/2.0","level":"debug","msg":"Received response from Origin Server","peer":"origin","pkg":"main","reqid":1517717227,"scheme":"https","statuscode":200,"time":"2018-02-04T09:37:07+05:30","url":"https://duckduckgo.com/?q=nginx+to+offload+ssl\u0026t=canonical"}
{"httpver":"HTTP/1.1","level":"debug","method":"GET","msg":"Received request from User Agent","peer":"ua","pkg":"main","reqid":1517717227,"scheme":"https","time":"2018-02-04T09:37:07+05:30","url":"https://www.youtube.com/watch?v=lXmHA-XySmk"}
{"httpver":"HTTP/1.1","level":"debug","method":"GET","msg":"Sending request to Origin Server","peer":"origin","pkg":"main","reqid":1517717227,"scheme":"https","time":"2018-02-04T09:37:07+05:30","url":"https://www.youtube.com/watch?v=lXmHA-XySmk"}
{"httpver":"HTTP/2.0","level":"debug","msg":"Received response from Origin Server","peer":"origin","pkg":"main","reqid":1517717227,"scheme":"https","statuscode":200,"time":"2018-02-04T09:37:08+05:30","url":"https://www.youtube.com/watch?v=lXmHA-XySmk"}
{"httpver":"HTTP/1.1","level":"debug","method":"GET","msg":"Received request from User Agent","peer":"ua","pkg":"main","reqid":1517717230,"scheme":"https","time":"2018-02-04T09:37:10+05:30","url":"https://www.youtube.com/watch?v=Q9pr2Xxaagw"}
{"httpver":"HTTP/1.1","level":"debug","method":"GET","msg":"Sending request to Origin Server","peer":"origin","pkg":"main","reqid":1517717230,"scheme":"https","time":"2018-02-04T09:37:10+05:30","url":"https://www.youtube.com/watch?v=Q9pr2Xxaagw"}
{"httpver":"HTTP/2.0","level":"debug","msg":"Received response from Origin Server","peer":"origin","pkg":"main","reqid":1517717230,"scheme":"https","statuscode":200,"time":"2018-02-04T09:37:11+05:30","url":"https://www.youtube.com/watch?v=Q9pr2Xxaagw"}
